<?xml version="1.0" encoding="UTF-8"?>
<testng-results ignored="0" total="0" passed="0" failed="0" skipped="0">
  <reporter-output>
  </reporter-output>
  <suite started-at="2021-11-18T16:28:12 NZDT" name="Surefire suite" finished-at="2021-11-18T16:28:23 NZDT" duration-ms="11632">
    <groups>
    </groups>
    <test started-at="2021-11-18T16:28:12 NZDT" name="Surefire test" finished-at="2021-11-18T16:28:23 NZDT" duration-ms="11632">
    </test> <!-- Surefire test -->
  </suite> <!-- Surefire suite -->
</testng-results>
